running egg_info
creating build/lab5/lab5.egg-info
writing build/lab5/lab5.egg-info/PKG-INFO
writing dependency_links to build/lab5/lab5.egg-info/dependency_links.txt
writing entry points to build/lab5/lab5.egg-info/entry_points.txt
writing requirements to build/lab5/lab5.egg-info/requires.txt
writing top-level names to build/lab5/lab5.egg-info/top_level.txt
writing manifest file 'build/lab5/lab5.egg-info/SOURCES.txt'
reading manifest file 'build/lab5/lab5.egg-info/SOURCES.txt'
writing manifest file 'build/lab5/lab5.egg-info/SOURCES.txt'
running build
running build_py
creating /home/ankit/ros2_ws/src/lab5/build/lab5/build
creating /home/ankit/ros2_ws/src/lab5/build/lab5/build/lib
creating /home/ankit/ros2_ws/src/lab5/build/lab5/build/lib/lab5
copying lab5/__init__.py -> /home/ankit/ros2_ws/src/lab5/build/lab5/build/lib/lab5
running install
running install_lib
creating /home/ankit/ros2_ws/src/lab5/install/lab5/lib/python3.8/site-packages/lab5
copying /home/ankit/ros2_ws/src/lab5/build/lab5/build/lib/lab5/__init__.py -> /home/ankit/ros2_ws/src/lab5/install/lab5/lib/python3.8/site-packages/lab5
byte-compiling /home/ankit/ros2_ws/src/lab5/install/lab5/lib/python3.8/site-packages/lab5/__init__.py to __init__.cpython-38.pyc
running install_data
creating /home/ankit/ros2_ws/src/lab5/install/lab5/share/ament_index
creating /home/ankit/ros2_ws/src/lab5/install/lab5/share/ament_index/resource_index
creating /home/ankit/ros2_ws/src/lab5/install/lab5/share/ament_index/resource_index/packages
copying resource/lab5 -> /home/ankit/ros2_ws/src/lab5/install/lab5/share/ament_index/resource_index/packages
copying package.xml -> /home/ankit/ros2_ws/src/lab5/install/lab5/share/lab5
running install_egg_info
Copying build/lab5/lab5.egg-info to /home/ankit/ros2_ws/src/lab5/install/lab5/lib/python3.8/site-packages/lab5-0.0.0-py3.8.egg-info
running install_scripts
writing list of installed files to '/home/ankit/ros2_ws/src/lab5/build/lab5/install.log'
