[0.559s] Invoking command in '/home/ankit/ros2_ws/src/lab5': PYTHONPATH=/home/ankit/ros2_ws/src/lab5/install/lab5/lib/python3.8/site-packages:${PYTHONPATH} /usr/bin/python3 setup.py egg_info --egg-base build/lab5 build --build-base /home/ankit/ros2_ws/src/lab5/build/lab5/build install --prefix /home/ankit/ros2_ws/src/lab5/install/lab5 --record /home/ankit/ros2_ws/src/lab5/build/lab5/install.log --single-version-externally-managed
[0.745s] running egg_info
[0.745s] creating build/lab5/lab5.egg-info
[0.745s] writing build/lab5/lab5.egg-info/PKG-INFO
[0.746s] writing dependency_links to build/lab5/lab5.egg-info/dependency_links.txt
[0.746s] writing entry points to build/lab5/lab5.egg-info/entry_points.txt
[0.746s] writing requirements to build/lab5/lab5.egg-info/requires.txt
[0.746s] writing top-level names to build/lab5/lab5.egg-info/top_level.txt
[0.747s] writing manifest file 'build/lab5/lab5.egg-info/SOURCES.txt'
[0.774s] reading manifest file 'build/lab5/lab5.egg-info/SOURCES.txt'
[0.775s] writing manifest file 'build/lab5/lab5.egg-info/SOURCES.txt'
[0.775s] running build
[0.775s] running build_py
[0.775s] creating /home/ankit/ros2_ws/src/lab5/build/lab5/build
[0.775s] creating /home/ankit/ros2_ws/src/lab5/build/lab5/build/lib
[0.775s] creating /home/ankit/ros2_ws/src/lab5/build/lab5/build/lib/lab5
[0.775s] copying lab5/__init__.py -> /home/ankit/ros2_ws/src/lab5/build/lab5/build/lib/lab5
[0.775s] running install
[0.776s] running install_lib
[0.777s] creating /home/ankit/ros2_ws/src/lab5/install/lab5/lib/python3.8/site-packages/lab5
[0.777s] copying /home/ankit/ros2_ws/src/lab5/build/lab5/build/lib/lab5/__init__.py -> /home/ankit/ros2_ws/src/lab5/install/lab5/lib/python3.8/site-packages/lab5
[0.777s] byte-compiling /home/ankit/ros2_ws/src/lab5/install/lab5/lib/python3.8/site-packages/lab5/__init__.py to __init__.cpython-38.pyc
[0.778s] running install_data
[0.779s] creating /home/ankit/ros2_ws/src/lab5/install/lab5/share/ament_index
[0.779s] creating /home/ankit/ros2_ws/src/lab5/install/lab5/share/ament_index/resource_index
[0.779s] creating /home/ankit/ros2_ws/src/lab5/install/lab5/share/ament_index/resource_index/packages
[0.779s] copying resource/lab5 -> /home/ankit/ros2_ws/src/lab5/install/lab5/share/ament_index/resource_index/packages
[0.779s] copying package.xml -> /home/ankit/ros2_ws/src/lab5/install/lab5/share/lab5
[0.779s] running install_egg_info
[0.780s] Copying build/lab5/lab5.egg-info to /home/ankit/ros2_ws/src/lab5/install/lab5/lib/python3.8/site-packages/lab5-0.0.0-py3.8.egg-info
[0.781s] running install_scripts
[0.795s] writing list of installed files to '/home/ankit/ros2_ws/src/lab5/build/lab5/install.log'
[0.814s] Invoked command in '/home/ankit/ros2_ws/src/lab5' returned '0': PYTHONPATH=/home/ankit/ros2_ws/src/lab5/install/lab5/lib/python3.8/site-packages:${PYTHONPATH} /usr/bin/python3 setup.py egg_info --egg-base build/lab5 build --build-base /home/ankit/ros2_ws/src/lab5/build/lab5/build install --prefix /home/ankit/ros2_ws/src/lab5/install/lab5 --record /home/ankit/ros2_ws/src/lab5/build/lab5/install.log --single-version-externally-managed
